TN:
SF:script/DeployRaffle.s.sol
DA:15,16
FN:15,DeployRaffle.deployContract
FNDA:16,DeployRaffle.deployContract
DA:18,16
DA:19,16
DA:23,16
BRDA:23,0,0,16
DA:24,16
DA:25,16
DA:30,16
BRDA:30,1,0,16
DA:32,16
DA:33,16
DA:39,16
DA:42,16
DA:50,16
DA:53,16
DA:54,16
DA:56,16
FNF:1
FNH:1
LF:15
LH:15
BRF:2
BRH:2
end_of_record
TN:
SF:script/HelperConfig.s.sol
DA:35,16
FN:35,HelperConfig.constructor
FNDA:16,HelperConfig.constructor
DA:36,16
DA:39,16
FN:39,HelperConfig.getConfig
FNDA:16,HelperConfig.getConfig
DA:40,16
DA:43,0
FN:43,HelperConfig.getConfigByChainId
FNDA:0,HelperConfig.getConfigByChainId
DA:44,16
BRDA:44,0,0,-
BRDA:44,0,1,-
DA:45,0
DA:46,16
BRDA:46,1,0,16
BRDA:46,1,1,-
DA:47,16
DA:50,0
DA:54,16
FN:54,HelperConfig.getSepoliaEthConfig
FNDA:16,HelperConfig.getSepoliaEthConfig
DA:55,16
DA:66,0
FN:66,HelperConfig.getOrCreateAnvilEthConfig
FNDA:0,HelperConfig.getOrCreateAnvilEthConfig
DA:68,16
BRDA:68,2,0,-
BRDA:68,2,1,16
DA:69,0
DA:73,16
DA:74,16
DA:75,16
DA:76,16
DA:80,16
DA:82,16
DA:93,16
FNF:5
FNH:3
LF:22
LH:17
BRF:6
BRH:2
end_of_record
TN:
SF:script/Interactions.s.sol
DA:18,0
FN:18,CreateSubscription.setUp
FNDA:0,CreateSubscription.setUp
DA:20,0
FN:20,CreateSubscription.run
FNDA:0,CreateSubscription.run
DA:21,0
DA:24,0
FN:24,CreateSubscription.createSubscriptionUsingConfig
FNDA:0,CreateSubscription.createSubscriptionUsingConfig
DA:25,0
DA:26,0
DA:27,0
DA:28,0
DA:31,16
FN:31,CreateSubscription.createSubscription
FNDA:16,CreateSubscription.createSubscription
DA:32,16
DA:33,16
DA:34,16
DA:35,16
DA:36,16
DA:37,16
DA:38,16
DA:50,0
FN:50,FundSubscription.setUp
FNDA:0,FundSubscription.setUp
DA:52,0
FN:52,FundSubscription.run
FNDA:0,FundSubscription.run
DA:53,0
DA:56,0
FN:56,FundSubscription.fundSubscriptionUsingConfig
FNDA:0,FundSubscription.fundSubscriptionUsingConfig
DA:57,0
DA:58,0
DA:59,0
DA:60,0
DA:61,0
DA:64,16
FN:64,FundSubscription.fundSubscription
FNDA:16,FundSubscription.fundSubscription
DA:65,16
DA:66,16
DA:67,16
DA:70,16
BRDA:70,0,0,16
BRDA:70,0,1,-
DA:71,16
DA:72,16
DA:73,0
BRDA:73,1,0,-
BRDA:73,1,1,-
DA:74,0
DA:81,0
DA:83,0
DA:85,16
DA:86,16
DA:96,0
FN:96,AddConsumer.setUp
FNDA:0,AddConsumer.setUp
DA:99,0
FN:99,AddConsumer.run
FNDA:0,AddConsumer.run
DA:100,0
DA:101,0
DA:104,0
FN:104,AddConsumer.addConsumerUsingConfig
FNDA:0,AddConsumer.addConsumerUsingConfig
DA:105,0
DA:106,0
DA:107,0
DA:108,0
DA:111,16
FN:111,AddConsumer.addConsumer
FNDA:16,AddConsumer.addConsumer
DA:112,16
DA:113,16
DA:114,16
DA:115,16
DA:117,16
DA:118,16
DA:119,16
DA:120,16
FNF:12
FNH:3
LF:56
LH:26
BRF:4
BRH:1
end_of_record
TN:
SF:src/Raffle.sol
DA:88,16
FN:88,Raffle.constructor
FNDA:16,Raffle.constructor
DA:96,16
DA:97,16
DA:98,16
DA:99,16
DA:100,16
DA:101,16
DA:102,16
DA:109,100019
FN:109,Raffle.enterRaffle
FNDA:100019,Raffle.enterRaffle
DA:112,100019
BRDA:112,0,0,1
DA:113,1
DA:117,100018
BRDA:117,1,0,1
DA:118,1
DA:121,100017
DA:125,100017
DA:134,5
FN:134,Raffle.fulfillRandomWords
FNDA:5,Raffle.fulfillRandomWords
DA:135,5
DA:136,5
DA:137,5
DA:140,5
DA:141,5
DA:142,5
DA:144,5
DA:145,5
BRDA:145,2,0,1
DA:146,1
DA:148,4
DA:167,2
FN:167,Raffle.checkUpkeep
FNDA:2,Raffle.checkUpkeep
DA:177,12
DA:178,12
DA:179,12
DA:180,12
DA:182,12
BRDA:182,3,0,9
BRDA:182,3,1,3
DA:183,9
DA:184,9
DA:186,9
DA:188,3
DA:189,3
DA:190,3
DA:200,10
FN:200,Raffle.performUpkeep
FNDA:10,Raffle.performUpkeep
DA:201,10
DA:202,10
BRDA:202,4,0,1
DA:203,1
DA:206,9
DA:209,9
DA:222,9
DA:223,9
DA:229,0
FN:229,Raffle.getEntranceFee
FNDA:0,Raffle.getEntranceFee
DA:230,0
DA:233,4
FN:233,Raffle.getRaffleState
FNDA:4,Raffle.getRaffleState
DA:234,4
DA:237,0
FN:237,Raffle.getPlayers
FNDA:0,Raffle.getPlayers
DA:238,0
DA:241,2
FN:241,Raffle.getPlayer
FNDA:2,Raffle.getPlayer
DA:242,2
DA:245,4
FN:245,Raffle.getRecentWinner
FNDA:4,Raffle.getRecentWinner
DA:246,4
DA:248,3
FN:248,Raffle.getLastTimeStamp
FNDA:3,Raffle.getLastTimeStamp
DA:249,3
DA:251,0
FN:251,Raffle.getInterval
FNDA:0,Raffle.getInterval
DA:252,0
DA:254,2
FN:254,Raffle.getPlayersLength
FNDA:2,Raffle.getPlayersLength
DA:255,2
DA:257,0
FN:257,Raffle.getSubscriptionId
FNDA:0,Raffle.getSubscriptionId
DA:258,0
DA:260,0
FN:260,Raffle.getKeyHash
FNDA:0,Raffle.getKeyHash
DA:261,0
DA:263,0
FN:263,Raffle.getCallbackGasLimit
FNDA:0,Raffle.getCallbackGasLimit
DA:264,0
DA:266,0
FN:266,Raffle.getVrfCoordinator
FNDA:0,Raffle.getVrfCoordinator
DA:267,0
FNF:17
FNH:10
LF:70
LH:56
BRF:6
BRH:6
end_of_record
TN:
SF:test/mocks/LinkToken.sol
DA:15,16
FN:15,LinkToken.constructor
FNDA:16,LinkToken.constructor
DA:16,16
DA:19,0
FN:19,LinkToken.mint
FNDA:0,LinkToken.mint
DA:20,0
DA:31,0
FN:31,LinkToken.transferAndCall
FNDA:0,LinkToken.transferAndCall
DA:32,0
DA:34,0
DA:35,0
BRDA:35,0,0,-
DA:36,0
DA:38,0
DA:43,0
FN:43,LinkToken.contractFallback
FNDA:0,LinkToken.contractFallback
DA:44,0
DA:45,0
DA:48,0
FN:48,LinkToken.isContract
FNDA:0,LinkToken.isContract
DA:49,0
DA:51,0
DA:53,0
FNF:5
FNH:1
LF:17
LH:2
BRF:1
BRH:0
end_of_record
TN:
SF:test/mocks/RevertReceiver.sol
DA:17,1
FN:17,RevertReceiver.receive
FNDA:1,RevertReceiver.receive
DA:18,1
DA:24,0
FN:24,RevertReceiver.fallback
FNDA:0,RevertReceiver.fallback
DA:25,0
FNF:2
FNH:1
LF:4
LH:2
BRF:0
BRH:0
end_of_record
TN:
SF:test/playground/Test.t.sol
DA:10,5
FN:10,myERC.constructor
FNDA:5,myERC.constructor
DA:11,5
DA:14,1
FN:14,myERC.myTransferA
FNDA:1,myERC.myTransferA
DA:15,1
DA:16,1
DA:17,1
DA:18,1
DA:21,1
FN:21,myERC.myTransferB
FNDA:1,myERC.myTransferB
DA:22,1
DA:23,1
DA:24,1
DA:25,1
DA:74,1
FN:74,TestContract.printCalldataParam
FNDA:1,TestContract.printCalldataParam
DA:75,1
DA:78,1
FN:78,TestContract.printMemoryParam
FNDA:1,TestContract.printMemoryParam
DA:79,2
DA:82,1
FN:82,TestContract.CalldataThis
FNDA:1,TestContract.CalldataThis
DA:83,1
DA:86,0
FN:86,TestContract.CalldataLocal
FNDA:0,TestContract.CalldataLocal
DA:87,0
DA:90,1
FN:90,TestContract.MemoryThis
FNDA:1,TestContract.MemoryThis
DA:91,1
DA:94,1
FN:94,TestContract.MemoryLocal
FNDA:1,TestContract.MemoryLocal
DA:95,1
FNF:9
FNH:8
LF:24
LH:22
BRF:0
BRH:0
end_of_record
